<?xml version="1.0" encoding="UTF-8"?>
<testng-results ignored="0" total="1" passed="1" failed="0" skipped="0">
  <reporter-output>
  </reporter-output>
  <suite started-at="2026-01-22T22:26:33 IST" name="Suite" finished-at="2026-01-22T22:26:46 IST" duration-ms="13596">
    <groups>
    </groups>
    <test started-at="2026-01-22T22:26:33 IST" name="Test" finished-at="2026-01-22T22:26:46 IST" duration-ms="13596">
      <class name="testCases.TC0002_LoginRegriest">
        <test-method is-config="true" signature="setup()[pri:0, instance:testCases.TC0002_LoginRegriest@1aa7ecca]" started-at="2026-01-22T22:26:33 IST" name="setup" finished-at="2026-01-22T22:26:38 IST" duration-ms="5444" status="PASS">
          <reporter-output>
          </reporter-output>
        </test-method> <!-- setup -->
        <test-method signature="verifyLoginWithValidCredentials()[pri:0, instance:testCases.TC0002_LoginRegriest@1aa7ecca]" started-at="2026-01-22T22:26:38 IST" name="verifyLoginWithValidCredentials" finished-at="2026-01-22T22:26:46 IST" duration-ms="7861" status="PASS">
          <reporter-output>
          </reporter-output>
        </test-method> <!-- verifyLoginWithValidCredentials -->
        <test-method is-config="true" signature="tearDown()[pri:0, instance:testCases.TC0002_LoginRegriest@1aa7ecca]" started-at="2026-01-22T22:26:46 IST" name="tearDown" finished-at="2026-01-22T22:26:46 IST" duration-ms="251" status="PASS">
          <reporter-output>
          </reporter-output>
        </test-method> <!-- tearDown -->
      </class> <!-- testCases.TC0002_LoginRegriest -->
    </test> <!-- Test -->
  </suite> <!-- Suite -->
</testng-results>
