<?xml version="1.0" encoding="UTF-8"?>
<testng-results ignored="0" total="2" passed="2" failed="0" skipped="0">
  <reporter-output>
  </reporter-output>
  <suite started-at="2026-01-26T15:37:01 IST" name="Suite" finished-at="2026-01-26T15:37:42 IST" duration-ms="41514">
    <groups>
    </groups>
    <test started-at="2026-01-26T15:37:01 IST" name="Test" finished-at="2026-01-26T15:37:39 IST" duration-ms="38129">
      <class name="testCases.TC0002_LoginRegriest">
        <test-method is-config="true" signature="setup()[pri:0, instance:testCases.TC0002_LoginRegriest@2654635]" started-at="2026-01-26T15:37:01 IST" name="setup" finished-at="2026-01-26T15:37:26 IST" duration-ms="24813" status="PASS">
          <reporter-output>
          </reporter-output>
        </test-method> <!-- setup -->
        <test-method signature="verifyLoginWithValidCredentials()[pri:0, instance:testCases.TC0002_LoginRegriest@2654635]" started-at="2026-01-26T15:37:26 IST" name="verifyLoginWithValidCredentials" finished-at="2026-01-26T15:37:39 IST" duration-ms="12871" status="PASS">
          <reporter-output>
          </reporter-output>
        </test-method> <!-- verifyLoginWithValidCredentials -->
        <test-method is-config="true" signature="tearDown()[pri:0, instance:testCases.TC0002_LoginRegriest@2654635]" started-at="2026-01-26T15:37:39 IST" name="tearDown" finished-at="2026-01-26T15:37:39 IST" duration-ms="393" status="PASS">
          <reporter-output>
          </reporter-output>
        </test-method> <!-- tearDown -->
      </class> <!-- testCases.TC0002_LoginRegriest -->
    </test> <!-- Test -->
    <test started-at="2026-01-26T15:37:39 IST" name="API Tests" finished-at="2026-01-26T15:37:42 IST" duration-ms="3354">
      <class name="apiTests.SampleAPITest">
        <test-method is-config="true" signature="setupAPI()[pri:0, instance:apiTests.SampleAPITest@37c7595]" started-at="2026-01-26T15:37:39 IST" name="setupAPI" finished-at="2026-01-26T15:37:39 IST" duration-ms="444" status="PASS">
          <reporter-output>
          </reporter-output>
        </test-method> <!-- setupAPI -->
        <test-method signature="verifyGetUsers()[pri:0, instance:apiTests.SampleAPITest@37c7595]" started-at="2026-01-26T15:37:39 IST" name="verifyGetUsers" finished-at="2026-01-26T15:37:42 IST" duration-ms="2910" status="PASS">
          <reporter-output>
          </reporter-output>
        </test-method> <!-- verifyGetUsers -->
      </class> <!-- apiTests.SampleAPITest -->
    </test> <!-- API Tests -->
  </suite> <!-- Suite -->
</testng-results>
