<?xml version="1.0" encoding="UTF-8"?>
<testng-results ignored="0" total="1" passed="1" failed="0" skipped="0">
  <reporter-output>
  </reporter-output>
  <suite started-at="2026-01-23T01:55:34 IST" name="Default suite" finished-at="2026-01-23T01:55:37 IST" duration-ms="2660">
    <groups>
    </groups>
    <test started-at="2026-01-23T01:55:34 IST" name="Default test" finished-at="2026-01-23T01:55:37 IST" duration-ms="2660">
      <class name="apiTests.SampleAPITest">
        <test-method is-config="true" signature="setupAPI()[pri:0, instance:apiTests.SampleAPITest@7dcf94f8]" started-at="2026-01-23T01:55:34 IST" name="setupAPI" finished-at="2026-01-23T01:55:34 IST" duration-ms="493" status="PASS">
          <reporter-output>
          </reporter-output>
        </test-method> <!-- setupAPI -->
        <test-method signature="verifyGetUsers()[pri:0, instance:apiTests.SampleAPITest@7dcf94f8]" started-at="2026-01-23T01:55:34 IST" name="verifyGetUsers" finished-at="2026-01-23T01:55:37 IST" duration-ms="2124" status="PASS">
          <reporter-output>
          </reporter-output>
        </test-method> <!-- verifyGetUsers -->
      </class> <!-- apiTests.SampleAPITest -->
    </test> <!-- Default test -->
  </suite> <!-- Default suite -->
</testng-results>
